<?xml version="1.0" encoding="UTF-8"?>
<!-- Generated by org.testng.reporters.JUnitXMLReporter -->
<testsuite hostname="DESKTOP-R1TG5S3" ignored="0" name="Test" tests="3" failures="0" timestamp="2020-04-24T17:35:06 IST" time="646.688" errors="0">
  <testcase name="@AfterTest stopDocker" time="31.911" classname="SeleniumDockerTest.SeleniumDocker.DockerGridTest1">
    <failure type="java.lang.AssertionError" message="expected [true] but found [false]">
      <![CDATA[java.lang.AssertionError: expected [true] but found [false]
at SeleniumDockerTest.SeleniumDocker.StopDocker.stopDocker(StopDocker.java:41)
at SeleniumDockerTest.SeleniumDocker.DockerGridTest1.stopDocker(DockerGridTest1.java:29)
... Removed 28 stack frames]]>
    </failure>
  </testcase> <!-- @AfterTest stopDocker -->
  <testcase name="test3" time="497.223" classname="SeleniumDockerTest.SeleniumDocker.DockerGridTest3"/>
  <testcase name="test1" time="544.346" classname="SeleniumDockerTest.SeleniumDocker.DockerGridTest1"/>
  <testcase name="test2" time="567.962" classname="SeleniumDockerTest.SeleniumDocker.DockerGridTest2"/>
</testsuite> <!-- Test -->
