<?xml version="1.0" encoding="UTF-8"?>
<!-- Generated by org.testng.reporters.JUnitXMLReporter -->
<testsuite hostname="DESKTOP-R1TG5S3" ignored="0" name="Test" tests="3" failures="0" timestamp="2020-04-25T06:56:33 IST" time="31.001" errors="0">
  <testcase name="@BeforeTest startDockerScale" time="30.599" classname="SeleniumDockerTest.SeleniumDocker.DockerGridTest1">
    <failure type="java.lang.AssertionError" message="expected [true] but found [false]">
      <![CDATA[java.lang.AssertionError: expected [true] but found [false]
at SeleniumDockerTest.SeleniumDocker.StartDocker.startDocker(StartDocker.java:39)
at SeleniumDockerTest.SeleniumDocker.DockerGridTest1.startDockerScale(DockerGridTest1.java:23)
... Removed 32 stack frames]]>
    </failure>
  </testcase> <!-- @BeforeTest startDockerScale -->
  <testcase name="@AfterTest stopDocker" time="-1.587777992782E9" classname="SeleniumDockerTest.SeleniumDocker.DockerGridTest1">
    <skipped/>
  </testcase> <!-- @AfterTest stopDocker -->
  <testcase name="test3" time="0.0" classname="SeleniumDockerTest.SeleniumDocker.DockerGridTest3">
    <skipped/>
  </testcase> <!-- test3 -->
  <testcase name="test2" time="0.0" classname="SeleniumDockerTest.SeleniumDocker.DockerGridTest2">
    <skipped/>
  </testcase> <!-- test2 -->
  <testcase name="test1" time="0.0" classname="SeleniumDockerTest.SeleniumDocker.DockerGridTest1">
    <skipped/>
  </testcase> <!-- test1 -->
</testsuite> <!-- Test -->
